0 info it worked if it ends with ok
1 verbose cli [ '/Users/liudaisy/.nvm/versions/node/v5.10.0/bin/node',
1 verbose cli   '/Users/liudaisy/.nvm/versions/node/v5.10.0/bin/npm',
1 verbose cli   'start' ]
2 info using npm@3.8.3
3 info using node@v5.10.0
4 verbose run-script [ 'prestart', 'start', 'poststart' ]
5 info lifecycle gaojing@1.0.0~prestart: gaojing@1.0.0
6 silly lifecycle gaojing@1.0.0~prestart: no script for prestart, continuing
7 info lifecycle gaojing@1.0.0~start: gaojing@1.0.0
8 verbose lifecycle gaojing@1.0.0~start: unsafe-perm in lifecycle true
9 verbose lifecycle gaojing@1.0.0~start: PATH: /Users/liudaisy/.nvm/versions/node/v5.10.0/lib/node_modules/npm/bin/node-gyp-bin:/Users/liudaisy/Documents/insBaby/node_modules/.bin:/Users/liudaisy/.nvm/versions/node/v5.10.0/bin:/Users/liudaisy/.nvm/versions/node/v5.10.0/bin:/usr/local/Cellar/mongodb/2.4.9/bin:/usr/local/opt/coreutils/libexec/gnubin:/usr/local/bin:/usr/bin:/bin:/usr/sbin:/sbin:/opt/X11/bin}:/usr/X11/bin:/usr/X11/bin
10 verbose lifecycle gaojing@1.0.0~start: CWD: /Users/liudaisy/Documents/insBaby
11 silly lifecycle gaojing@1.0.0~start: Args: [ '-c', 'webpack-dev-server --progress' ]
12 silly lifecycle gaojing@1.0.0~start: Returned: code: 1  signal: null
13 info lifecycle gaojing@1.0.0~start: Failed to exec start script
14 verbose stack Error: gaojing@1.0.0 start: `webpack-dev-server --progress`
14 verbose stack Exit status 1
14 verbose stack     at EventEmitter.<anonymous> (/Users/liudaisy/.nvm/versions/node/v5.10.0/lib/node_modules/npm/lib/utils/lifecycle.js:239:16)
14 verbose stack     at emitTwo (events.js:100:13)
14 verbose stack     at EventEmitter.emit (events.js:185:7)
14 verbose stack     at ChildProcess.<anonymous> (/Users/liudaisy/.nvm/versions/node/v5.10.0/lib/node_modules/npm/lib/utils/spawn.js:24:14)
14 verbose stack     at emitTwo (events.js:100:13)
14 verbose stack     at ChildProcess.emit (events.js:185:7)
14 verbose stack     at maybeClose (internal/child_process.js:850:16)
14 verbose stack     at Process.ChildProcess._handle.onexit (internal/child_process.js:215:5)
15 verbose pkgid gaojing@1.0.0
16 verbose cwd /Users/liudaisy/Documents/insBaby
17 error Darwin 15.2.0
18 error argv "/Users/liudaisy/.nvm/versions/node/v5.10.0/bin/node" "/Users/liudaisy/.nvm/versions/node/v5.10.0/bin/npm" "start"
19 error node v5.10.0
20 error npm  v3.8.3
21 error code ELIFECYCLE
22 error gaojing@1.0.0 start: `webpack-dev-server --progress`
22 error Exit status 1
23 error Failed at the gaojing@1.0.0 start script 'webpack-dev-server --progress'.
23 error Make sure you have the latest version of node.js and npm installed.
23 error If you do, this is most likely a problem with the gaojing package,
23 error not with npm itself.
23 error Tell the author that this fails on your system:
23 error     webpack-dev-server --progress
23 error You can get information on how to open an issue for this project with:
23 error     npm bugs gaojing
23 error Or if that isn't available, you can get their info via:
23 error     npm owner ls gaojing
23 error There is likely additional logging output above.
24 verbose exit [ 1, true ]
